<?xml version="1.0" encoding="UTF-8"?>
<!-- Generated by org.testng.reporters.JUnitXMLReporter -->
<testsuite ignored="0" hostname="LAPTOP-RTQO86AS" failures="1" tests="1" name="chrome" time="0.144" errors="0" timestamp="2024-06-18T14:06:34 IST">
  <testcase classname="com.dws.crossbrowser.CrossBrowser" name="launch" time="0.022">
    <failure type="java.lang.NullPointerException" message="Cannot invoke &amp;quot;org.openqa.selenium.WebDriver.manage()&amp;quot; because &amp;quot;this.driver&amp;quot; is null">
      <![CDATA[java.lang.NullPointerException: Cannot invoke "org.openqa.selenium.WebDriver.manage()" because "this.driver" is null
at com.dws.crossbrowser.CrossBrowser.launch(CrossBrowser.java:25)
at java.base/java.util.ArrayList.forEach(ArrayList.java:1511)
... Removed 27 stack frames]]>
    </failure>
  </testcase> <!-- launch -->
</testsuite> <!-- chrome -->
